<?xml version="1.0" encoding="UTF-8"?>
<!-- Generated by org.testng.reporters.JUnitXMLReporter -->
<testsuite hostname="9CQX9K3" ignored="0" name="AlertsTests" tests="3" failures="1" timestamp="13 May 2022 14:26:47 GMT" time="29.472" errors="0">
  <testcase name="jsAlertTest" time="4.536" classname="com.herokuapp.theinternet.alertstests.AlertsTests">
    <failure type="java.lang.AssertionError" message="result is not expected. 
Should be &amp;apos;You successfuly clicked an alert&amp;apos;, but it is &amp;apos;You successfully clicked an alert&amp;apos; expected [true] but found [false]">
      <![CDATA[java.lang.AssertionError: result is not expected. 
Should be 'You successfuly clicked an alert', but it is 'You successfully clicked an alert' expected [true] but found [false]
at com.herokuapp.theinternet.alertstests.AlertsTests.jsAlertTest(AlertsTests.java:43)
at java.util.concurrent.FutureTask.run(FutureTask.java:266)
at java.util.concurrent.ThreadPoolExecutor.runWorker(ThreadPoolExecutor.java:1149)
at java.util.concurrent.ThreadPoolExecutor$Worker.run(ThreadPoolExecutor.java:624)
at java.lang.Thread.run(Thread.java:750)
... Removed 19 stack frames]]>
    </failure>
  </testcase> <!-- jsAlertTest -->
  <testcase name="jsDismissTest" time="4.508" classname="com.herokuapp.theinternet.alertstests.AlertsTests"/>
  <testcase name="jsPromptTest" time="5.129" classname="com.herokuapp.theinternet.alertstests.AlertsTests"/>
</testsuite> <!-- AlertsTests -->
