<!DOCTYPE html PUBLIC "-//W3C//DTD XHTML 1.1//EN" "http://www.w3.org/TR/xhtml11/DTD/xhtml11.dtd">
<html xmlns="http://www.w3.org/1999/xhtml">
<head>
<meta charset='utf-8'>
<title>TestNG Report</title>
<style type="text/css">
table {margin-bottom:10px;border-collapse:collapse;empty-cells:show}
td,th {border:1px solid #009;padding:.25em .5em}
.result th {vertical-align:bottom}
.param th {padding-left:1em;padding-right:1em}
.param td {padding-left:.5em;padding-right:2em}
.stripe td,.stripe th {background-color: #E6EBF9}
.numi,.numi_attn {text-align:right}
.total td {font-weight:bold}
.passedodd td {background-color: #0A0}
.passedeven td {background-color: #3F3}
.skippedodd td {background-color: #CCC}
.skippedodd td {background-color: #DDD}
.failedodd td,.numi_attn {background-color: #F33}
.failedeven td,.stripe .numi_attn {background-color: #D00}
.stacktrace {white-space:pre;font-family:monospace}
.totop {font-size:85%;text-align:center;border-bottom:2px solid #000}
</style>
</head>
<body>
<table cellspacing="0" cellpadding="0" class="testOverview">
<tr><th>Test</th><th>Methods<br/>Passed</th><th>Scenarios<br/>Passed</th><th># skipped</th><th># failed</th><th>Total<br/>Time</th><th>Included<br/>Groups</th><th>Excluded<br/>Groups</th></tr>
<tr><td style="text-align:left;padding-right:2em"><a href="#t1">PositiveLogInTest-CH</a></td><td class="numi">1</td><td class="numi">1</td><td class="numi">0</td><td class="numi">0</td><td class="numi">10.7 seconds</td><td class="numi"></td><td class="numi"></td></tr>
<tr class="stripe"><td style="text-align:left;padding-right:2em"><a href="#t2">CheckboxesTests</a></td><td class="numi">1</td><td class="numi">1</td><td class="numi">0</td><td class="numi">0</td><td class="numi">11.6 seconds</td><td class="numi"></td><td class="numi"></td></tr>
<tr><td style="text-align:left;padding-right:2em"><a href="#t3">DropdownTests</a></td><td class="numi">1</td><td class="numi">1</td><td class="numi">0</td><td class="numi">0</td><td class="numi">7.1 seconds</td><td class="numi"></td><td class="numi"></td></tr>
<tr class="stripe"><td style="text-align:left;padding-right:2em"><a href="#t4">WindowsTests</a></td><td class="numi">1</td><td class="numi">1</td><td class="numi">0</td><td class="numi">0</td><td class="numi">8.6 seconds</td><td class="numi"></td><td class="numi"></td></tr>
<tr><td style="text-align:left;padding-right:2em"><a href="#t5">AlertsTests</a></td><td class="numi">2</td><td class="numi">2</td><td class="numi">0</td><td class="numi_attn">1</td><td class="numi">29.5 seconds</td><td class="numi"></td><td class="numi"></td></tr>
<tr class="stripe"><td style="text-align:left;padding-right:2em"><a href="#t6">NegativeUsernameTest-CH</a></td><td class="numi">5</td><td class="numi">5</td><td class="numi">0</td><td class="numi">0</td><td class="numi">43.1 seconds</td><td class="numi"></td><td class="numi"></td></tr>
<tr><td style="text-align:left;padding-right:2em"><a href="#t7">EditorTests</a></td><td class="numi">0</td><td class="numi">0</td><td class="numi">0</td><td class="numi_attn">1</td><td class="numi">20.2 seconds</td><td class="numi"></td><td class="numi"></td></tr>
<tr class="stripe"><td style="text-align:left;padding-right:2em"><a href="#t8">DragAndDropTests-CH</a></td><td class="numi">1</td><td class="numi">1</td><td class="numi">0</td><td class="numi">0</td><td class="numi">7.0 seconds</td><td class="numi"></td><td class="numi"></td></tr>
<tr><td style="text-align:left;padding-right:2em"><a href="#t9">KeyPressesTests</a></td><td class="numi">2</td><td class="numi">2</td><td class="numi">0</td><td class="numi">0</td><td class="numi">15.0 seconds</td><td class="numi"></td><td class="numi"></td></tr>
<tr class="stripe"><td style="text-align:left;padding-right:2em"><a href="#t10">NegativePasswordTest-FF</a></td><td class="numi">5</td><td class="numi">5</td><td class="numi">0</td><td class="numi">0</td><td class="numi">56.8 seconds</td><td class="numi"></td><td class="numi"></td></tr>
<tr><td style="text-align:left;padding-right:2em"><a href="#t11">DragAndDropTests-FF</a></td><td class="numi">1</td><td class="numi">1</td><td class="numi">0</td><td class="numi">0</td><td class="numi">11.3 seconds</td><td class="numi"></td><td class="numi"></td></tr>
<tr class="stripe"><td style="text-align:left;padding-right:2em"><a href="#t12">UploadTests</a></td><td class="numi">3</td><td class="numi">3</td><td class="numi">0</td><td class="numi">0</td><td class="numi">23.6 seconds</td><td class="numi"></td><td class="numi"></td></tr>
<tr class="total"><td>Total</td>
<td class="numi">23</td><td class="numi">23</td><td class="numi">0</td><td class="numi_attn">2</td><td class="numi">66.7 seconds</td><td colspan="2">&nbsp;</td></tr>
</table>
<table cellspacing="0" cellpadding="0" class="methodOverview" id="summary">
<tr><th>Class</th><th>Method</th><th># of<br/>Scenarios</th><th>Start</th><th>Time<br/>(ms)</th></tr>
<tr id="t1"><th colspan="5">PositiveLogInTest-CH &#8212; passed</th></tr>
<tr class="passedodd"><td>com.herokuapp.theinternet.loginpagetests.PositiveLogInTests</td><td><a href="#m1"><b>logInTest</b>  </a></td><td class="numi">1</td><td>1652451971996</td><td class="numi">4572</td></tr>
<tr id="t2"><th colspan="5">CheckboxesTests &#8212; passed</th></tr>
<tr class="passedodd"><td>com.herokuapp.theinternet.checkboxespagetests.CheckboxesTests</td><td><a href="#m2"><b>selectingTwoCheckboxesTest</b>  </a></td><td class="numi">1</td><td>1652451972066</td><td class="numi">5138</td></tr>
<tr id="t3"><th colspan="5">DropdownTests &#8212; passed</th></tr>
<tr class="passedodd"><td>com.herokuapp.theinternet.dropdowntests.DropdownTest</td><td><a href="#m3"><b>optionTwoTest</b>  </a></td><td class="numi">1</td><td>1652451981609</td><td class="numi">2140</td></tr>
<tr id="t4"><th colspan="5">WindowsTests &#8212; passed</th></tr>
<tr class="passedodd"><td>com.herokuapp.theinternet.windowstests.WindowsTests</td><td><a href="#m4"><b>newWindowTest</b>  </a></td><td class="numi">1</td><td>1652451988945</td><td class="numi">3340</td></tr>
<tr id="t5"><th colspan="5">AlertsTests &#8212; failed</th></tr>
<tr class="failedodd"><td>com.herokuapp.theinternet.alertstests.AlertsTests</td><td><a href="#m5"><b>jsAlertTest</b>  </a></td><td class="numi">1</td><td>1652451982520</td><td class="numi">4536</td></tr>
<tr><th colspan="5">AlertsTests &#8212; passed</th></tr>
<tr class="passedodd"><td rowspan="2">com.herokuapp.theinternet.alertstests.AlertsTests</td><td><a href="#m6"><b>jsDismissTest</b>  </a></td><td class="numi">1</td><td>1652451992183</td><td class="numi">4508</td></tr><tr class="passedodd"><td><a href="#m7"><b>jsPromptTest</b>  </a></td><td class="numi">1</td><td>1652452001866</td><td class="numi">5129</td></tr>
<tr id="t6"><th colspan="5">NegativeUsernameTest-CH &#8212; passed</th></tr>
<tr class="passedodd"><td rowspan="5">com.herokuapp.theinternet.loginpagetests.NegativeLogInTests</td><td><a href="#m8"><b>negativeLogInTest</b>  </a></td><td class="numi">5</td><td>1652451972066</td><td class="numi">36943</td></tr><tr class="passedodd"><td><a href="#m9"><b>negativeLogInTest</b>  </a></td><td class="numi">5</td><td>1652451972066</td><td class="numi">36943</td></tr><tr class="passedodd"><td><a href="#m10"><b>negativeLogInTest</b>  </a></td><td class="numi">5</td><td>1652451972066</td><td class="numi">36943</td></tr><tr class="passedodd"><td><a href="#m11"><b>negativeLogInTest</b>  </a></td><td class="numi">5</td><td>1652451972066</td><td class="numi">36943</td></tr><tr class="passedodd"><td><a href="#m12"><b>negativeLogInTest</b>  </a></td><td class="numi">5</td><td>1652451972066</td><td class="numi">36943</td></tr>
<tr id="t7"><th colspan="5">EditorTests &#8212; failed</th></tr>
<tr class="failedodd"><td>com.herokuapp.theinternet.editortests.EditorTests</td><td><a href="#m13"><b>defaultEditorValueTest</b>  </a></td><td class="numi">1</td><td>1652451997647</td><td class="numi">14857</td></tr>
<tr id="t8"><th colspan="5">DragAndDropTests-CH &#8212; passed</th></tr>
<tr class="passedodd"><td>com.herokuapp.theinternet.draganddroptests.DragAndDropTests</td><td><a href="#m14"><b>dragAToBTest</b>  </a></td><td class="numi">1</td><td>1652452017796</td><td class="numi">1754</td></tr>
<tr id="t9"><th colspan="5">KeyPressesTests &#8212; passed</th></tr>
<tr class="passedodd"><td rowspan="2">com.herokuapp.theinternet.keypressestests.KeyPressesTests</td><td><a href="#m15"><b>pressKeyTest</b>  </a></td><td class="numi">1</td><td>1652452012057</td><td class="numi">3202</td></tr><tr class="passedodd"><td><a href="#m16"><b>pressKeyWithActionsTest</b>  </a></td><td class="numi">1</td><td>1652452020273</td><td class="numi">1674</td></tr>
<tr id="t10"><th colspan="5">NegativePasswordTest-FF &#8212; passed</th></tr>
<tr class="passedodd"><td rowspan="5">com.herokuapp.theinternet.loginpagetests.NegativeLogInTests</td><td><a href="#m17"><b>negativeLogInTest</b>  </a></td><td class="numi">5</td><td>1652451973345</td><td class="numi">49021</td></tr><tr class="passedodd"><td><a href="#m18"><b>negativeLogInTest</b>  </a></td><td class="numi">5</td><td>1652451973345</td><td class="numi">49021</td></tr><tr class="passedodd"><td><a href="#m19"><b>negativeLogInTest</b>  </a></td><td class="numi">5</td><td>1652451973345</td><td class="numi">49021</td></tr><tr class="passedodd"><td><a href="#m20"><b>negativeLogInTest</b>  </a></td><td class="numi">5</td><td>1652451973345</td><td class="numi">49021</td></tr><tr class="passedodd"><td><a href="#m21"><b>negativeLogInTest</b>  </a></td><td class="numi">5</td><td>1652451973345</td><td class="numi">49021</td></tr>
<tr id="t11"><th colspan="5">DragAndDropTests-FF &#8212; passed</th></tr>
<tr class="passedodd"><td>com.herokuapp.theinternet.draganddroptests.DragAndDropTests</td><td><a href="#m22"><b>dragAToBTest</b>  </a></td><td class="numi">1</td><td>1652452026902</td><td class="numi">3921</td></tr>
<tr id="t12"><th colspan="5">UploadTests &#8212; passed</th></tr>
<tr class="passedodd"><td rowspan="3">com.herokuapp.theinternet.uploadtests.UploadTests</td><td><a href="#m23"><b>fileUploadTest</b>  </a></td><td class="numi">3</td><td>1652452013987</td><td class="numi">18624</td></tr><tr class="passedodd"><td><a href="#m24"><b>fileUploadTest</b>  </a></td><td class="numi">3</td><td>1652452013987</td><td class="numi">18624</td></tr><tr class="passedodd"><td><a href="#m25"><b>fileUploadTest</b>  </a></td><td class="numi">3</td><td>1652452013987</td><td class="numi">18624</td></tr>
</table>
<h1>PositiveLogInTest-CH</h1>
<h2 id="m1">com.herokuapp.theinternet.loginpagetests.PositiveLogInTests:logInTest</h2>
<p class="totop"><a href="#summary">back to summary</a></p>
<h1>CheckboxesTests</h1>
<h2 id="m2">com.herokuapp.theinternet.checkboxespagetests.CheckboxesTests:selectingTwoCheckboxesTest</h2>
<p class="totop"><a href="#summary">back to summary</a></p>
<h1>DropdownTests</h1>
<h2 id="m3">com.herokuapp.theinternet.dropdowntests.DropdownTest:optionTwoTest</h2>
<p class="totop"><a href="#summary">back to summary</a></p>
<h1>WindowsTests</h1>
<h2 id="m4">com.herokuapp.theinternet.windowstests.WindowsTests:newWindowTest</h2>
<p class="totop"><a href="#summary">back to summary</a></p>
<h1>AlertsTests</h1>
<h2 id="m5">com.herokuapp.theinternet.alertstests.AlertsTests:jsAlertTest</h2>
<div>
<div class="stacktrace">java.lang.AssertionError: result is not expected. 
Should be &apos;You successfuly clicked an alert&apos;, but it is &apos;You successfully clicked an alert&apos; expected [true] but found [false]
	at com.herokuapp.theinternet.alertstests.AlertsTests.jsAlertTest(AlertsTests.java:43)
	at java.util.concurrent.FutureTask.run(FutureTask.java:266)
	at java.util.concurrent.ThreadPoolExecutor.runWorker(ThreadPoolExecutor.java:1149)
	at java.util.concurrent.ThreadPoolExecutor$Worker.run(ThreadPoolExecutor.java:624)
	at java.lang.Thread.run(Thread.java:750)
... Removed 19 stack frames</div>
</div>
<p class="totop"><a href="#summary">back to summary</a></p>
<h2 id="m6">com.herokuapp.theinternet.alertstests.AlertsTests:jsPromptTest</h2>
<p class="totop"><a href="#summary">back to summary</a></p>
<h2 id="m7">com.herokuapp.theinternet.alertstests.AlertsTests:jsDismissTest</h2>
<p class="totop"><a href="#summary">back to summary</a></p>
<h1>NegativeUsernameTest-CH</h1>
<h2 id="m8">com.herokuapp.theinternet.loginpagetests.NegativeLogInTests:negativeLogInTest</h2>
<table cellspacing="0" cellpadding="0" class="result">
<tr class="param"><th>Parameter #1</th></tr>
<tr class="param stripe"><td>{no=4, description=empty username, password=SuperSecretPassword!, expectedMessage=Your username is invalid!, username=}</td>
</tr>
</table>
<p class="totop"><a href="#summary">back to summary</a></p>
<h2 id="m9">com.herokuapp.theinternet.loginpagetests.NegativeLogInTests:negativeLogInTest</h2>
<table cellspacing="0" cellpadding="0" class="result">
<tr class="param"><th>Parameter #1</th></tr>
<tr class="param stripe"><td>{no=1, description=incorrect username, password=SuperSecretPassword!, expectedMessage=Your username is invalid!, username=incorrectUsername}</td>
</tr>
</table>
<p class="totop"><a href="#summary">back to summary</a></p>
<h2 id="m10">com.herokuapp.theinternet.loginpagetests.NegativeLogInTests:negativeLogInTest</h2>
<table cellspacing="0" cellpadding="0" class="result">
<tr class="param"><th>Parameter #1</th></tr>
<tr class="param stripe"><td>{no=5, description=empty password, password=, expectedMessage=Your password is invalid!, username=tomsmith}</td>
</tr>
</table>
<p class="totop"><a href="#summary">back to summary</a></p>
<h2 id="m11">com.herokuapp.theinternet.loginpagetests.NegativeLogInTests:negativeLogInTest</h2>
<table cellspacing="0" cellpadding="0" class="result">
<tr class="param"><th>Parameter #1</th></tr>
<tr class="param stripe"><td>{no=2, description=incorrect password, password=incorrectPassword, expectedMessage=Your password is invalid!, username=tomsmith}</td>
</tr>
</table>
<p class="totop"><a href="#summary">back to summary</a></p>
<h2 id="m12">com.herokuapp.theinternet.loginpagetests.NegativeLogInTests:negativeLogInTest</h2>
<table cellspacing="0" cellpadding="0" class="result">
<tr class="param"><th>Parameter #1</th></tr>
<tr class="param stripe"><td>{no=3, description=incorrect username and password, password=incorrectPassword, expectedMessage=Your username is invalid!, username=incorrectUsername}</td>
</tr>
</table>
<p class="totop"><a href="#summary">back to summary</a></p>
<h1>EditorTests</h1>
<h2 id="m13">com.herokuapp.theinternet.editortests.EditorTests:defaultEditorValueTest</h2>
<div>
<div class="stacktrace">java.lang.AssertionError: Editor default text is not expected. It is:  expected [true] but found [false]
	at com.herokuapp.theinternet.editortests.EditorTests.defaultEditorValueTest(EditorTests.java:33)
	at java.util.concurrent.FutureTask.run(FutureTask.java:266)
	at java.util.concurrent.ThreadPoolExecutor.runWorker(ThreadPoolExecutor.java:1149)
	at java.util.concurrent.ThreadPoolExecutor$Worker.run(ThreadPoolExecutor.java:624)
	at java.lang.Thread.run(Thread.java:750)
... Removed 19 stack frames</div>
</div>
<p class="totop"><a href="#summary">back to summary</a></p>
<h1>DragAndDropTests-CH</h1>
<h2 id="m14">com.herokuapp.theinternet.draganddroptests.DragAndDropTests:dragAToBTest</h2>
<p class="totop"><a href="#summary">back to summary</a></p>
<h1>KeyPressesTests</h1>
<h2 id="m15">com.herokuapp.theinternet.keypressestests.KeyPressesTests:pressKeyWithActionsTest</h2>
<p class="totop"><a href="#summary">back to summary</a></p>
<h2 id="m16">com.herokuapp.theinternet.keypressestests.KeyPressesTests:pressKeyTest</h2>
<p class="totop"><a href="#summary">back to summary</a></p>
<h1>NegativePasswordTest-FF</h1>
<h2 id="m17">com.herokuapp.theinternet.loginpagetests.NegativeLogInTests:negativeLogInTest</h2>
<table cellspacing="0" cellpadding="0" class="result">
<tr class="param"><th>Parameter #1</th></tr>
<tr class="param stripe"><td>{no=3, description=incorrect username and password, password=incorrectPassword, expectedMessage=Your username is invalid!, username=incorrectUsername}</td>
</tr>
</table>
<p class="totop"><a href="#summary">back to summary</a></p>
<h2 id="m18">com.herokuapp.theinternet.loginpagetests.NegativeLogInTests:negativeLogInTest</h2>
<table cellspacing="0" cellpadding="0" class="result">
<tr class="param"><th>Parameter #1</th></tr>
<tr class="param stripe"><td>{no=1, description=incorrect username, password=SuperSecretPassword!, expectedMessage=Your username is invalid!, username=incorrectUsername}</td>
</tr>
</table>
<p class="totop"><a href="#summary">back to summary</a></p>
<h2 id="m19">com.herokuapp.theinternet.loginpagetests.NegativeLogInTests:negativeLogInTest</h2>
<table cellspacing="0" cellpadding="0" class="result">
<tr class="param"><th>Parameter #1</th></tr>
<tr class="param stripe"><td>{no=5, description=empty password, password=, expectedMessage=Your password is invalid!, username=tomsmith}</td>
</tr>
</table>
<p class="totop"><a href="#summary">back to summary</a></p>
<h2 id="m20">com.herokuapp.theinternet.loginpagetests.NegativeLogInTests:negativeLogInTest</h2>
<table cellspacing="0" cellpadding="0" class="result">
<tr class="param"><th>Parameter #1</th></tr>
<tr class="param stripe"><td>{no=2, description=incorrect password, password=incorrectPassword, expectedMessage=Your password is invalid!, username=tomsmith}</td>
</tr>
</table>
<p class="totop"><a href="#summary">back to summary</a></p>
<h2 id="m21">com.herokuapp.theinternet.loginpagetests.NegativeLogInTests:negativeLogInTest</h2>
<table cellspacing="0" cellpadding="0" class="result">
<tr class="param"><th>Parameter #1</th></tr>
<tr class="param stripe"><td>{no=4, description=empty username, password=SuperSecretPassword!, expectedMessage=Your username is invalid!, username=}</td>
</tr>
</table>
<p class="totop"><a href="#summary">back to summary</a></p>
<h1>DragAndDropTests-FF</h1>
<h2 id="m22">com.herokuapp.theinternet.draganddroptests.DragAndDropTests:dragAToBTest</h2>
<p class="totop"><a href="#summary">back to summary</a></p>
<h1>UploadTests</h1>
<h2 id="m23">com.herokuapp.theinternet.uploadtests.UploadTests:fileUploadTest</h2>
<table cellspacing="0" cellpadding="0" class="result">
<tr class="param"><th>Parameter #1</th><th>Parameter #2</th></tr>
<tr class="param stripe"><td>1</td>
<td>index.html</td>
</tr>
</table>
<p class="totop"><a href="#summary">back to summary</a></p>
<h2 id="m24">com.herokuapp.theinternet.uploadtests.UploadTests:fileUploadTest</h2>
<table cellspacing="0" cellpadding="0" class="result">
<tr class="param"><th>Parameter #1</th><th>Parameter #2</th></tr>
<tr class="param stripe"><td>3</td>
<td>text.txt</td>
</tr>
</table>
<p class="totop"><a href="#summary">back to summary</a></p>
<h2 id="m25">com.herokuapp.theinternet.uploadtests.UploadTests:fileUploadTest</h2>
<table cellspacing="0" cellpadding="0" class="result">
<tr class="param"><th>Parameter #1</th><th>Parameter #2</th></tr>
<tr class="param stripe"><td>2</td>
<td>logo.png</td>
</tr>
</table>
<p class="totop"><a href="#summary">back to summary</a></p>
</body></html>
