<?xml version="1.0" encoding="UTF-8"?>
<testng-results skipped="0" failed="2" ignored="0" total="25" passed="23">
  <reporter-output>
  </reporter-output>
  <suite name="FullUITestSuite" duration-ms="66713" started-at="2022-05-13T14:26:06Z" finished-at="2022-05-13T14:27:13Z">
    <groups>
    </groups>
    <test name="PositiveLogInTest-CH" duration-ms="10667" started-at="2022-05-13T14:26:06Z" finished-at="2022-05-13T14:26:17Z">
      <class name="com.herokuapp.theinternet.loginpagetests.PositiveLogInTests">
        <test-method status="PASS" signature="setUp(java.lang.reflect.Method, java.lang.String, org.testng.ITestContext)[pri:0, instance:com.herokuapp.theinternet.loginpagetests.PositiveLogInTests@3cb5cdba]" name="setUp" is-config="true" duration-ms="5184" started-at="2022-05-13T14:26:06Z" finished-at="2022-05-13T14:26:11Z">
          <params>
            <param index="0">
              <value>
                <![CDATA[public void com.herokuapp.theinternet.loginpagetests.PositiveLogInTests.logInTest()]]>
              </value>
            </param>
            <param index="1">
              <value>
                <![CDATA[chrome]]>
              </value>
            </param>
            <param index="2">
              <value>
                <![CDATA[org.testng.TestRunner@56f4468b]]>
              </value>
            </param>
          </params>
          <reporter-output>
          </reporter-output>
        </test-method> <!-- setUp -->
        <test-method status="PASS" signature="logInTest()[pri:0, instance:com.herokuapp.theinternet.loginpagetests.PositiveLogInTests@3cb5cdba]" name="logInTest" duration-ms="4572" started-at="2022-05-13T14:26:11Z" finished-at="2022-05-13T14:26:16Z">
          <reporter-output>
          </reporter-output>
        </test-method> <!-- logInTest -->
        <test-method status="PASS" signature="tearDown()[pri:0, instance:com.herokuapp.theinternet.loginpagetests.PositiveLogInTests@3cb5cdba]" name="tearDown" is-config="true" duration-ms="709" started-at="2022-05-13T14:26:16Z" finished-at="2022-05-13T14:26:17Z">
          <reporter-output>
          </reporter-output>
        </test-method> <!-- tearDown -->
      </class> <!-- com.herokuapp.theinternet.loginpagetests.PositiveLogInTests -->
    </test> <!-- PositiveLogInTest-CH -->
    <test name="CheckboxesTests" duration-ms="11599" started-at="2022-05-13T14:26:06Z" finished-at="2022-05-13T14:26:18Z">
      <class name="com.herokuapp.theinternet.checkboxespagetests.CheckboxesTests">
        <test-method status="PASS" signature="setUp(java.lang.reflect.Method, java.lang.String, org.testng.ITestContext)[pri:0, instance:com.herokuapp.theinternet.checkboxespagetests.CheckboxesTests@4411d970]" name="setUp" is-config="true" duration-ms="5123" started-at="2022-05-13T14:26:06Z" finished-at="2022-05-13T14:26:12Z">
          <params>
            <param index="0">
              <value>
                <![CDATA[public void com.herokuapp.theinternet.checkboxespagetests.CheckboxesTests.selectingTwoCheckboxesTest()]]>
              </value>
            </param>
            <param index="1">
              <value>
                <![CDATA[chrome]]>
              </value>
            </param>
            <param index="2">
              <value>
                <![CDATA[org.testng.TestRunner@100fc185]]>
              </value>
            </param>
          </params>
          <reporter-output>
          </reporter-output>
        </test-method> <!-- setUp -->
        <test-method status="PASS" signature="selectingTwoCheckboxesTest()[pri:0, instance:com.herokuapp.theinternet.checkboxespagetests.CheckboxesTests@4411d970]" name="selectingTwoCheckboxesTest" duration-ms="5138" started-at="2022-05-13T14:26:12Z" finished-at="2022-05-13T14:26:17Z">
          <reporter-output>
          </reporter-output>
        </test-method> <!-- selectingTwoCheckboxesTest -->
        <test-method status="PASS" signature="tearDown()[pri:0, instance:com.herokuapp.theinternet.checkboxespagetests.CheckboxesTests@4411d970]" name="tearDown" is-config="true" duration-ms="1005" started-at="2022-05-13T14:26:17Z" finished-at="2022-05-13T14:26:18Z">
          <reporter-output>
          </reporter-output>
        </test-method> <!-- tearDown -->
      </class> <!-- com.herokuapp.theinternet.checkboxespagetests.CheckboxesTests -->
    </test> <!-- CheckboxesTests -->
    <test name="DropdownTests" duration-ms="7135" started-at="2022-05-13T14:26:17Z" finished-at="2022-05-13T14:26:24Z">
      <class name="com.herokuapp.theinternet.dropdowntests.DropdownTest">
        <test-method status="PASS" signature="setUp(java.lang.reflect.Method, java.lang.String, org.testng.ITestContext)[pri:0, instance:com.herokuapp.theinternet.dropdowntests.DropdownTest@566776ad]" name="setUp" is-config="true" duration-ms="4308" started-at="2022-05-13T14:26:17Z" finished-at="2022-05-13T14:26:21Z">
          <params>
            <param index="0">
              <value>
                <![CDATA[public void com.herokuapp.theinternet.dropdowntests.DropdownTest.optionTwoTest()]]>
              </value>
            </param>
            <param index="1">
              <value>
                <![CDATA[chrome]]>
              </value>
            </param>
            <param index="2">
              <value>
                <![CDATA[org.testng.TestRunner@643b1d11]]>
              </value>
            </param>
          </params>
          <reporter-output>
          </reporter-output>
        </test-method> <!-- setUp -->
        <test-method status="PASS" signature="optionTwoTest()[pri:0, instance:com.herokuapp.theinternet.dropdowntests.DropdownTest@566776ad]" name="optionTwoTest" duration-ms="2140" started-at="2022-05-13T14:26:21Z" finished-at="2022-05-13T14:26:23Z">
          <reporter-output>
          </reporter-output>
        </test-method> <!-- optionTwoTest -->
        <test-method status="PASS" signature="tearDown()[pri:0, instance:com.herokuapp.theinternet.dropdowntests.DropdownTest@566776ad]" name="tearDown" is-config="true" duration-ms="685" started-at="2022-05-13T14:26:23Z" finished-at="2022-05-13T14:26:24Z">
          <reporter-output>
          </reporter-output>
        </test-method> <!-- tearDown -->
      </class> <!-- com.herokuapp.theinternet.dropdowntests.DropdownTest -->
    </test> <!-- DropdownTests -->
    <test name="WindowsTests" duration-ms="8596" started-at="2022-05-13T14:26:24Z" finished-at="2022-05-13T14:26:33Z">
      <class name="com.herokuapp.theinternet.windowstests.WindowsTests">
        <test-method status="PASS" signature="setUp(java.lang.reflect.Method, java.lang.String, org.testng.ITestContext)[pri:0, instance:com.herokuapp.theinternet.windowstests.WindowsTests@3cda1055]" name="setUp" is-config="true" duration-ms="4505" started-at="2022-05-13T14:26:24Z" finished-at="2022-05-13T14:26:28Z">
          <params>
            <param index="0">
              <value>
                <![CDATA[public void com.herokuapp.theinternet.windowstests.WindowsTests.newWindowTest()]]>
              </value>
            </param>
            <param index="1">
              <value>
                <![CDATA[chrome]]>
              </value>
            </param>
            <param index="2">
              <value>
                <![CDATA[org.testng.TestRunner@36d4b5c]]>
              </value>
            </param>
          </params>
          <reporter-output>
          </reporter-output>
        </test-method> <!-- setUp -->
        <test-method status="PASS" signature="newWindowTest()[pri:0, instance:com.herokuapp.theinternet.windowstests.WindowsTests@3cda1055]" name="newWindowTest" duration-ms="3340" started-at="2022-05-13T14:26:28Z" finished-at="2022-05-13T14:26:32Z">
          <reporter-output>
          </reporter-output>
        </test-method> <!-- newWindowTest -->
        <test-method status="PASS" signature="tearDown()[pri:0, instance:com.herokuapp.theinternet.windowstests.WindowsTests@3cda1055]" name="tearDown" is-config="true" duration-ms="749" started-at="2022-05-13T14:26:32Z" finished-at="2022-05-13T14:26:33Z">
          <reporter-output>
          </reporter-output>
        </test-method> <!-- tearDown -->
      </class> <!-- com.herokuapp.theinternet.windowstests.WindowsTests -->
    </test> <!-- WindowsTests -->
    <test name="AlertsTests" duration-ms="29472" started-at="2022-05-13T14:26:18Z" finished-at="2022-05-13T14:26:47Z">
      <class name="com.herokuapp.theinternet.alertstests.AlertsTests">
        <test-method status="PASS" signature="setUp(java.lang.reflect.Method, java.lang.String, org.testng.ITestContext)[pri:0, instance:com.herokuapp.theinternet.alertstests.AlertsTests@6aaa5eb0]" name="setUp" is-config="true" duration-ms="4295" started-at="2022-05-13T14:26:18Z" finished-at="2022-05-13T14:26:22Z">
          <params>
            <param index="0">
              <value>
                <![CDATA[public void com.herokuapp.theinternet.alertstests.AlertsTests.jsAlertTest()]]>
              </value>
            </param>
            <param index="1">
              <value>
                <![CDATA[chrome]]>
              </value>
            </param>
            <param index="2">
              <value>
                <![CDATA[org.testng.TestRunner@2ef5e5e3]]>
              </value>
            </param>
          </params>
          <reporter-output>
          </reporter-output>
        </test-method> <!-- setUp -->
        <test-method status="FAIL" signature="jsAlertTest()[pri:0, instance:com.herokuapp.theinternet.alertstests.AlertsTests@6aaa5eb0]" name="jsAlertTest" duration-ms="4536" started-at="2022-05-13T14:26:22Z" finished-at="2022-05-13T14:26:27Z">
          <exception class="java.lang.AssertionError">
            <message>
              <![CDATA[result is not expected. 
Should be 'You successfuly clicked an alert', but it is 'You successfully clicked an alert' expected [true] but found [false]]]>
            </message>
            <full-stacktrace>
              <![CDATA[java.lang.AssertionError: result is not expected. 
Should be 'You successfuly clicked an alert', but it is 'You successfully clicked an alert' expected [true] but found [false]
at org.testng.Assert.fail(Assert.java:96)
at org.testng.Assert.failNotEquals(Assert.java:776)
at org.testng.Assert.assertTrue(Assert.java:44)
at com.herokuapp.theinternet.alertstests.AlertsTests.jsAlertTest(AlertsTests.java:43)
at sun.reflect.NativeMethodAccessorImpl.invoke0(Native Method)
at sun.reflect.NativeMethodAccessorImpl.invoke(NativeMethodAccessorImpl.java:62)
at sun.reflect.DelegatingMethodAccessorImpl.invoke(DelegatingMethodAccessorImpl.java:43)
at java.lang.reflect.Method.invoke(Method.java:498)
at org.testng.internal.MethodInvocationHelper.invokeMethod(MethodInvocationHelper.java:124)
at org.testng.internal.Invoker.invokeMethod(Invoker.java:583)
at org.testng.internal.Invoker.invokeTestMethod(Invoker.java:719)
at org.testng.internal.Invoker.invokeTestMethods(Invoker.java:989)
at org.testng.internal.TestMethodWorker.invokeTestMethods(TestMethodWorker.java:125)
at org.testng.internal.TestMethodWorker.run(TestMethodWorker.java:109)
at org.testng.TestRunner.privateRun(TestRunner.java:648)
at org.testng.TestRunner.run(TestRunner.java:505)
at org.testng.SuiteRunner.runTest(SuiteRunner.java:455)
at org.testng.SuiteRunner.access$000(SuiteRunner.java:40)
at org.testng.SuiteRunner$SuiteWorker.run(SuiteRunner.java:489)
at org.testng.internal.thread.ThreadUtil$1.call(ThreadUtil.java:52)
at java.util.concurrent.FutureTask.run(FutureTask.java:266)
at java.util.concurrent.ThreadPoolExecutor.runWorker(ThreadPoolExecutor.java:1149)
at java.util.concurrent.ThreadPoolExecutor$Worker.run(ThreadPoolExecutor.java:624)
at java.lang.Thread.run(Thread.java:750)
]]>
            </full-stacktrace>
          </exception> <!-- java.lang.AssertionError -->
          <reporter-output>
          </reporter-output>
        </test-method> <!-- jsAlertTest -->
        <test-method status="PASS" signature="tearDown()[pri:0, instance:com.herokuapp.theinternet.alertstests.AlertsTests@6aaa5eb0]" name="tearDown" is-config="true" duration-ms="713" started-at="2022-05-13T14:26:27Z" finished-at="2022-05-13T14:26:27Z">
          <reporter-output>
          </reporter-output>
        </test-method> <!-- tearDown -->
        <test-method status="PASS" signature="setUp(java.lang.reflect.Method, java.lang.String, org.testng.ITestContext)[pri:0, instance:com.herokuapp.theinternet.alertstests.AlertsTests@6aaa5eb0]" name="setUp" is-config="true" duration-ms="4410" started-at="2022-05-13T14:26:27Z" finished-at="2022-05-13T14:26:32Z">
          <params>
            <param index="0">
              <value>
                <![CDATA[public void com.herokuapp.theinternet.alertstests.AlertsTests.jsDismissTest()]]>
              </value>
            </param>
            <param index="1">
              <value>
                <![CDATA[chrome]]>
              </value>
            </param>
            <param index="2">
              <value>
                <![CDATA[org.testng.TestRunner@2ef5e5e3]]>
              </value>
            </param>
          </params>
          <reporter-output>
          </reporter-output>
        </test-method> <!-- setUp -->
        <test-method status="PASS" signature="jsDismissTest()[pri:0, instance:com.herokuapp.theinternet.alertstests.AlertsTests@6aaa5eb0]" name="jsDismissTest" duration-ms="4508" started-at="2022-05-13T14:26:32Z" finished-at="2022-05-13T14:26:36Z">
          <reporter-output>
          </reporter-output>
        </test-method> <!-- jsDismissTest -->
        <test-method status="PASS" signature="tearDown()[pri:0, instance:com.herokuapp.theinternet.alertstests.AlertsTests@6aaa5eb0]" name="tearDown" is-config="true" duration-ms="717" started-at="2022-05-13T14:26:36Z" finished-at="2022-05-13T14:26:37Z">
          <reporter-output>
          </reporter-output>
        </test-method> <!-- tearDown -->
        <test-method status="PASS" signature="setUp(java.lang.reflect.Method, java.lang.String, org.testng.ITestContext)[pri:0, instance:com.herokuapp.theinternet.alertstests.AlertsTests@6aaa5eb0]" name="setUp" is-config="true" duration-ms="4457" started-at="2022-05-13T14:26:37Z" finished-at="2022-05-13T14:26:41Z">
          <params>
            <param index="0">
              <value>
                <![CDATA[public void com.herokuapp.theinternet.alertstests.AlertsTests.jsPromptTest()]]>
              </value>
            </param>
            <param index="1">
              <value>
                <![CDATA[chrome]]>
              </value>
            </param>
            <param index="2">
              <value>
                <![CDATA[org.testng.TestRunner@2ef5e5e3]]>
              </value>
            </param>
          </params>
          <reporter-output>
          </reporter-output>
        </test-method> <!-- setUp -->
        <test-method status="PASS" signature="jsPromptTest()[pri:0, instance:com.herokuapp.theinternet.alertstests.AlertsTests@6aaa5eb0]" name="jsPromptTest" duration-ms="5129" started-at="2022-05-13T14:26:41Z" finished-at="2022-05-13T14:26:46Z">
          <reporter-output>
          </reporter-output>
        </test-method> <!-- jsPromptTest -->
        <test-method status="PASS" signature="tearDown()[pri:0, instance:com.herokuapp.theinternet.alertstests.AlertsTests@6aaa5eb0]" name="tearDown" is-config="true" duration-ms="700" started-at="2022-05-13T14:26:46Z" finished-at="2022-05-13T14:26:47Z">
          <reporter-output>
          </reporter-output>
        </test-method> <!-- tearDown -->
      </class> <!-- com.herokuapp.theinternet.alertstests.AlertsTests -->
    </test> <!-- AlertsTests -->
    <test name="NegativeUsernameTest-CH" duration-ms="43063" started-at="2022-05-13T14:26:06Z" finished-at="2022-05-13T14:26:49Z">
      <class name="com.herokuapp.theinternet.loginpagetests.NegativeLogInTests">
        <test-method status="PASS" signature="setUp(java.lang.reflect.Method, java.lang.String, org.testng.ITestContext)[pri:0, instance:com.herokuapp.theinternet.loginpagetests.NegativeLogInTests@3d24753a]" name="setUp" is-config="true" duration-ms="5255" started-at="2022-05-13T14:26:06Z" finished-at="2022-05-13T14:26:12Z">
          <params>
            <param index="0">
              <value>
                <![CDATA[public void com.herokuapp.theinternet.loginpagetests.NegativeLogInTests.negativeLogInTest(java.util.Map)]]>
              </value>
            </param>
            <param index="1">
              <value>
                <![CDATA[chrome]]>
              </value>
            </param>
            <param index="2">
              <value>
                <![CDATA[org.testng.TestRunner@6cc4c815]]>
              </value>
            </param>
          </params>
          <reporter-output>
          </reporter-output>
        </test-method> <!-- setUp -->
        <test-method status="PASS" signature="negativeLogInTest(java.util.Map)[pri:1, instance:com.herokuapp.theinternet.loginpagetests.NegativeLogInTests@3d24753a]" name="negativeLogInTest" duration-ms="3577" started-at="2022-05-13T14:26:12Z" data-provider="csvReader" finished-at="2022-05-13T14:26:15Z">
          <params>
            <param index="0">
              <value>
                <![CDATA[{no=1, description=incorrect username, password=SuperSecretPassword!, expectedMessage=Your username is invalid!, username=incorrectUsername}]]>
              </value>
            </param>
          </params>
          <reporter-output>
          </reporter-output>
        </test-method> <!-- negativeLogInTest -->
        <test-method status="PASS" signature="tearDown()[pri:0, instance:com.herokuapp.theinternet.loginpagetests.NegativeLogInTests@3d24753a]" name="tearDown" is-config="true" duration-ms="762" started-at="2022-05-13T14:26:15Z" finished-at="2022-05-13T14:26:16Z">
          <reporter-output>
          </reporter-output>
        </test-method> <!-- tearDown -->
        <test-method status="PASS" signature="setUp(java.lang.reflect.Method, java.lang.String, org.testng.ITestContext)[pri:0, instance:com.herokuapp.theinternet.loginpagetests.NegativeLogInTests@3d24753a]" name="setUp" is-config="true" duration-ms="4361" started-at="2022-05-13T14:26:16Z" finished-at="2022-05-13T14:26:20Z">
          <params>
            <param index="0">
              <value>
                <![CDATA[public void com.herokuapp.theinternet.loginpagetests.NegativeLogInTests.negativeLogInTest(java.util.Map)]]>
              </value>
            </param>
            <param index="1">
              <value>
                <![CDATA[chrome]]>
              </value>
            </param>
            <param index="2">
              <value>
                <![CDATA[org.testng.TestRunner@6cc4c815]]>
              </value>
            </param>
          </params>
          <reporter-output>
          </reporter-output>
        </test-method> <!-- setUp -->
        <test-method status="PASS" signature="negativeLogInTest(java.util.Map)[pri:1, instance:com.herokuapp.theinternet.loginpagetests.NegativeLogInTests@3d24753a]" name="negativeLogInTest" duration-ms="3043" started-at="2022-05-13T14:26:20Z" data-provider="csvReader" finished-at="2022-05-13T14:26:23Z">
          <params>
            <param index="0">
              <value>
                <![CDATA[{no=2, description=incorrect password, password=incorrectPassword, expectedMessage=Your password is invalid!, username=tomsmith}]]>
              </value>
            </param>
          </params>
          <reporter-output>
          </reporter-output>
        </test-method> <!-- negativeLogInTest -->
        <test-method status="PASS" signature="tearDown()[pri:0, instance:com.herokuapp.theinternet.loginpagetests.NegativeLogInTests@3d24753a]" name="tearDown" is-config="true" duration-ms="701" started-at="2022-05-13T14:26:23Z" finished-at="2022-05-13T14:26:24Z">
          <reporter-output>
          </reporter-output>
        </test-method> <!-- tearDown -->
        <test-method status="PASS" signature="setUp(java.lang.reflect.Method, java.lang.String, org.testng.ITestContext)[pri:0, instance:com.herokuapp.theinternet.loginpagetests.NegativeLogInTests@3d24753a]" name="setUp" is-config="true" duration-ms="4569" started-at="2022-05-13T14:26:24Z" finished-at="2022-05-13T14:26:29Z">
          <params>
            <param index="0">
              <value>
                <![CDATA[public void com.herokuapp.theinternet.loginpagetests.NegativeLogInTests.negativeLogInTest(java.util.Map)]]>
              </value>
            </param>
            <param index="1">
              <value>
                <![CDATA[chrome]]>
              </value>
            </param>
            <param index="2">
              <value>
                <![CDATA[org.testng.TestRunner@6cc4c815]]>
              </value>
            </param>
          </params>
          <reporter-output>
          </reporter-output>
        </test-method> <!-- setUp -->
        <test-method status="PASS" signature="negativeLogInTest(java.util.Map)[pri:1, instance:com.herokuapp.theinternet.loginpagetests.NegativeLogInTests@3d24753a]" name="negativeLogInTest" duration-ms="3165" started-at="2022-05-13T14:26:29Z" data-provider="csvReader" finished-at="2022-05-13T14:26:32Z">
          <params>
            <param index="0">
              <value>
                <![CDATA[{no=3, description=incorrect username and password, password=incorrectPassword, expectedMessage=Your username is invalid!, username=incorrectUsername}]]>
              </value>
            </param>
          </params>
          <reporter-output>
          </reporter-output>
        </test-method> <!-- negativeLogInTest -->
        <test-method status="PASS" signature="tearDown()[pri:0, instance:com.herokuapp.theinternet.loginpagetests.NegativeLogInTests@3d24753a]" name="tearDown" is-config="true" duration-ms="742" started-at="2022-05-13T14:26:32Z" finished-at="2022-05-13T14:26:32Z">
          <reporter-output>
          </reporter-output>
        </test-method> <!-- tearDown -->
        <test-method status="PASS" signature="setUp(java.lang.reflect.Method, java.lang.String, org.testng.ITestContext)[pri:0, instance:com.herokuapp.theinternet.loginpagetests.NegativeLogInTests@3d24753a]" name="setUp" is-config="true" duration-ms="4471" started-at="2022-05-13T14:26:32Z" finished-at="2022-05-13T14:26:37Z">
          <params>
            <param index="0">
              <value>
                <![CDATA[public void com.herokuapp.theinternet.loginpagetests.NegativeLogInTests.negativeLogInTest(java.util.Map)]]>
              </value>
            </param>
            <param index="1">
              <value>
                <![CDATA[chrome]]>
              </value>
            </param>
            <param index="2">
              <value>
                <![CDATA[org.testng.TestRunner@6cc4c815]]>
              </value>
            </param>
          </params>
          <reporter-output>
          </reporter-output>
        </test-method> <!-- setUp -->
        <test-method status="PASS" signature="negativeLogInTest(java.util.Map)[pri:1, instance:com.herokuapp.theinternet.loginpagetests.NegativeLogInTests@3d24753a]" name="negativeLogInTest" duration-ms="3434" started-at="2022-05-13T14:26:37Z" data-provider="csvReader" finished-at="2022-05-13T14:26:40Z">
          <params>
            <param index="0">
              <value>
                <![CDATA[{no=4, description=empty username, password=SuperSecretPassword!, expectedMessage=Your username is invalid!, username=}]]>
              </value>
            </param>
          </params>
          <reporter-output>
          </reporter-output>
        </test-method> <!-- negativeLogInTest -->
        <test-method status="PASS" signature="tearDown()[pri:0, instance:com.herokuapp.theinternet.loginpagetests.NegativeLogInTests@3d24753a]" name="tearDown" is-config="true" duration-ms="890" started-at="2022-05-13T14:26:40Z" finished-at="2022-05-13T14:26:41Z">
          <reporter-output>
          </reporter-output>
        </test-method> <!-- tearDown -->
        <test-method status="PASS" signature="setUp(java.lang.reflect.Method, java.lang.String, org.testng.ITestContext)[pri:0, instance:com.herokuapp.theinternet.loginpagetests.NegativeLogInTests@3d24753a]" name="setUp" is-config="true" duration-ms="4417" started-at="2022-05-13T14:26:41Z" finished-at="2022-05-13T14:26:46Z">
          <params>
            <param index="0">
              <value>
                <![CDATA[public void com.herokuapp.theinternet.loginpagetests.NegativeLogInTests.negativeLogInTest(java.util.Map)]]>
              </value>
            </param>
            <param index="1">
              <value>
                <![CDATA[chrome]]>
              </value>
            </param>
            <param index="2">
              <value>
                <![CDATA[org.testng.TestRunner@6cc4c815]]>
              </value>
            </param>
          </params>
          <reporter-output>
          </reporter-output>
        </test-method> <!-- setUp -->
        <test-method status="PASS" signature="negativeLogInTest(java.util.Map)[pri:1, instance:com.herokuapp.theinternet.loginpagetests.NegativeLogInTests@3d24753a]" name="negativeLogInTest" duration-ms="2807" started-at="2022-05-13T14:26:46Z" data-provider="csvReader" finished-at="2022-05-13T14:26:49Z">
          <params>
            <param index="0">
              <value>
                <![CDATA[{no=5, description=empty password, password=, expectedMessage=Your password is invalid!, username=tomsmith}]]>
              </value>
            </param>
          </params>
          <reporter-output>
          </reporter-output>
        </test-method> <!-- negativeLogInTest -->
        <test-method status="PASS" signature="tearDown()[pri:0, instance:com.herokuapp.theinternet.loginpagetests.NegativeLogInTests@3d24753a]" name="tearDown" is-config="true" duration-ms="665" started-at="2022-05-13T14:26:49Z" finished-at="2022-05-13T14:26:49Z">
          <reporter-output>
          </reporter-output>
        </test-method> <!-- tearDown -->
      </class> <!-- com.herokuapp.theinternet.loginpagetests.NegativeLogInTests -->
    </test> <!-- NegativeUsernameTest-CH -->
    <test name="EditorTests" duration-ms="20165" started-at="2022-05-13T14:26:33Z" finished-at="2022-05-13T14:26:53Z">
      <class name="com.herokuapp.theinternet.editortests.EditorTests">
        <test-method status="PASS" signature="setUp(java.lang.reflect.Method, java.lang.String, org.testng.ITestContext)[pri:0, instance:com.herokuapp.theinternet.editortests.EditorTests@2ed94a8b]" name="setUp" is-config="true" duration-ms="4606" started-at="2022-05-13T14:26:33Z" finished-at="2022-05-13T14:26:37Z">
          <params>
            <param index="0">
              <value>
                <![CDATA[public void com.herokuapp.theinternet.editortests.EditorTests.defaultEditorValueTest()]]>
              </value>
            </param>
            <param index="1">
              <value>
                <![CDATA[chrome]]>
              </value>
            </param>
            <param index="2">
              <value>
                <![CDATA[org.testng.TestRunner@6d00a15d]]>
              </value>
            </param>
          </params>
          <reporter-output>
          </reporter-output>
        </test-method> <!-- setUp -->
        <test-method status="FAIL" signature="defaultEditorValueTest()[pri:0, instance:com.herokuapp.theinternet.editortests.EditorTests@2ed94a8b]" name="defaultEditorValueTest" duration-ms="14857" started-at="2022-05-13T14:26:37Z" finished-at="2022-05-13T14:26:52Z">
          <exception class="java.lang.AssertionError">
            <message>
              <![CDATA[Editor default text is not expected. It is:  expected [true] but found [false]]]>
            </message>
            <full-stacktrace>
              <![CDATA[java.lang.AssertionError: Editor default text is not expected. It is:  expected [true] but found [false]
at org.testng.Assert.fail(Assert.java:96)
at org.testng.Assert.failNotEquals(Assert.java:776)
at org.testng.Assert.assertTrue(Assert.java:44)
at com.herokuapp.theinternet.editortests.EditorTests.defaultEditorValueTest(EditorTests.java:33)
at sun.reflect.NativeMethodAccessorImpl.invoke0(Native Method)
at sun.reflect.NativeMethodAccessorImpl.invoke(NativeMethodAccessorImpl.java:62)
at sun.reflect.DelegatingMethodAccessorImpl.invoke(DelegatingMethodAccessorImpl.java:43)
at java.lang.reflect.Method.invoke(Method.java:498)
at org.testng.internal.MethodInvocationHelper.invokeMethod(MethodInvocationHelper.java:124)
at org.testng.internal.Invoker.invokeMethod(Invoker.java:583)
at org.testng.internal.Invoker.invokeTestMethod(Invoker.java:719)
at org.testng.internal.Invoker.invokeTestMethods(Invoker.java:989)
at org.testng.internal.TestMethodWorker.invokeTestMethods(TestMethodWorker.java:125)
at org.testng.internal.TestMethodWorker.run(TestMethodWorker.java:109)
at org.testng.TestRunner.privateRun(TestRunner.java:648)
at org.testng.TestRunner.run(TestRunner.java:505)
at org.testng.SuiteRunner.runTest(SuiteRunner.java:455)
at org.testng.SuiteRunner.access$000(SuiteRunner.java:40)
at org.testng.SuiteRunner$SuiteWorker.run(SuiteRunner.java:489)
at org.testng.internal.thread.ThreadUtil$1.call(ThreadUtil.java:52)
at java.util.concurrent.FutureTask.run(FutureTask.java:266)
at java.util.concurrent.ThreadPoolExecutor.runWorker(ThreadPoolExecutor.java:1149)
at java.util.concurrent.ThreadPoolExecutor$Worker.run(ThreadPoolExecutor.java:624)
at java.lang.Thread.run(Thread.java:750)
]]>
            </full-stacktrace>
          </exception> <!-- java.lang.AssertionError -->
          <reporter-output>
          </reporter-output>
        </test-method> <!-- defaultEditorValueTest -->
        <test-method status="PASS" signature="tearDown()[pri:0, instance:com.herokuapp.theinternet.editortests.EditorTests@2ed94a8b]" name="tearDown" is-config="true" duration-ms="702" started-at="2022-05-13T14:26:52Z" finished-at="2022-05-13T14:26:53Z">
          <reporter-output>
          </reporter-output>
        </test-method> <!-- tearDown -->
      </class> <!-- com.herokuapp.theinternet.editortests.EditorTests -->
    </test> <!-- EditorTests -->
    <test name="DragAndDropTests-CH" duration-ms="7007" started-at="2022-05-13T14:26:53Z" finished-at="2022-05-13T14:27:00Z">
      <class name="com.herokuapp.theinternet.draganddroptests.DragAndDropTests">
        <test-method status="PASS" signature="setUp(java.lang.reflect.Method, java.lang.String, org.testng.ITestContext)[pri:0, instance:com.herokuapp.theinternet.draganddroptests.DragAndDropTests@1e67b872]" name="setUp" is-config="true" duration-ms="4583" started-at="2022-05-13T14:26:53Z" finished-at="2022-05-13T14:26:57Z">
          <params>
            <param index="0">
              <value>
                <![CDATA[public void com.herokuapp.theinternet.draganddroptests.DragAndDropTests.dragAToBTest()]]>
              </value>
            </param>
            <param index="1">
              <value>
                <![CDATA[chrome]]>
              </value>
            </param>
            <param index="2">
              <value>
                <![CDATA[org.testng.TestRunner@396a51ab]]>
              </value>
            </param>
          </params>
          <reporter-output>
          </reporter-output>
        </test-method> <!-- setUp -->
        <test-method status="PASS" signature="dragAToBTest()[pri:0, instance:com.herokuapp.theinternet.draganddroptests.DragAndDropTests@1e67b872]" name="dragAToBTest" duration-ms="1754" started-at="2022-05-13T14:26:57Z" finished-at="2022-05-13T14:26:59Z">
          <reporter-output>
          </reporter-output>
        </test-method> <!-- dragAToBTest -->
        <test-method status="PASS" signature="tearDown()[pri:0, instance:com.herokuapp.theinternet.draganddroptests.DragAndDropTests@1e67b872]" name="tearDown" is-config="true" duration-ms="669" started-at="2022-05-13T14:26:59Z" finished-at="2022-05-13T14:27:00Z">
          <reporter-output>
          </reporter-output>
        </test-method> <!-- tearDown -->
      </class> <!-- com.herokuapp.theinternet.draganddroptests.DragAndDropTests -->
    </test> <!-- DragAndDropTests-CH -->
    <test name="KeyPressesTests" duration-ms="14963" started-at="2022-05-13T14:26:47Z" finished-at="2022-05-13T14:27:02Z">
      <class name="com.herokuapp.theinternet.keypressestests.KeyPressesTests">
        <test-method status="PASS" signature="setUp(java.lang.reflect.Method, java.lang.String, org.testng.ITestContext)[pri:0, instance:com.herokuapp.theinternet.keypressestests.KeyPressesTests@64616ca2]" name="setUp" is-config="true" duration-ms="4353" started-at="2022-05-13T14:26:47Z" finished-at="2022-05-13T14:26:52Z">
          <params>
            <param index="0">
              <value>
                <![CDATA[public void com.herokuapp.theinternet.keypressestests.KeyPressesTests.pressKeyTest()]]>
              </value>
            </param>
            <param index="1">
              <value>
                <![CDATA[chrome]]>
              </value>
            </param>
            <param index="2">
              <value>
                <![CDATA[org.testng.TestRunner@51efea79]]>
              </value>
            </param>
          </params>
          <reporter-output>
          </reporter-output>
        </test-method> <!-- setUp -->
        <test-method status="PASS" signature="pressKeyTest()[pri:0, instance:com.herokuapp.theinternet.keypressestests.KeyPressesTests@64616ca2]" name="pressKeyTest" duration-ms="3202" started-at="2022-05-13T14:26:52Z" finished-at="2022-05-13T14:26:55Z">
          <reporter-output>
          </reporter-output>
        </test-method> <!-- pressKeyTest -->
        <test-method status="PASS" signature="tearDown()[pri:0, instance:com.herokuapp.theinternet.keypressestests.KeyPressesTests@64616ca2]" name="tearDown" is-config="true" duration-ms="715" started-at="2022-05-13T14:26:55Z" finished-at="2022-05-13T14:26:55Z">
          <reporter-output>
          </reporter-output>
        </test-method> <!-- tearDown -->
        <test-method status="PASS" signature="setUp(java.lang.reflect.Method, java.lang.String, org.testng.ITestContext)[pri:0, instance:com.herokuapp.theinternet.keypressestests.KeyPressesTests@64616ca2]" name="setUp" is-config="true" duration-ms="4298" started-at="2022-05-13T14:26:55Z" finished-at="2022-05-13T14:27:00Z">
          <params>
            <param index="0">
              <value>
                <![CDATA[public void com.herokuapp.theinternet.keypressestests.KeyPressesTests.pressKeyWithActionsTest()]]>
              </value>
            </param>
            <param index="1">
              <value>
                <![CDATA[chrome]]>
              </value>
            </param>
            <param index="2">
              <value>
                <![CDATA[org.testng.TestRunner@51efea79]]>
              </value>
            </param>
          </params>
          <reporter-output>
          </reporter-output>
        </test-method> <!-- setUp -->
        <test-method status="PASS" signature="pressKeyWithActionsTest()[pri:0, instance:com.herokuapp.theinternet.keypressestests.KeyPressesTests@64616ca2]" name="pressKeyWithActionsTest" duration-ms="1674" started-at="2022-05-13T14:27:00Z" finished-at="2022-05-13T14:27:01Z">
          <reporter-output>
          </reporter-output>
        </test-method> <!-- pressKeyWithActionsTest -->
        <test-method status="PASS" signature="tearDown()[pri:0, instance:com.herokuapp.theinternet.keypressestests.KeyPressesTests@64616ca2]" name="tearDown" is-config="true" duration-ms="718" started-at="2022-05-13T14:27:01Z" finished-at="2022-05-13T14:27:02Z">
          <reporter-output>
          </reporter-output>
        </test-method> <!-- tearDown -->
      </class> <!-- com.herokuapp.theinternet.keypressestests.KeyPressesTests -->
    </test> <!-- KeyPressesTests -->
    <test name="NegativePasswordTest-FF" duration-ms="56786" started-at="2022-05-13T14:26:06Z" finished-at="2022-05-13T14:27:03Z">
      <class name="com.herokuapp.theinternet.loginpagetests.NegativeLogInTests">
        <test-method status="PASS" signature="setUp(java.lang.reflect.Method, java.lang.String, org.testng.ITestContext)[pri:0, instance:com.herokuapp.theinternet.loginpagetests.NegativeLogInTests@2d6e8792]" name="setUp" is-config="true" duration-ms="6534" started-at="2022-05-13T14:26:06Z" finished-at="2022-05-13T14:26:13Z">
          <params>
            <param index="0">
              <value>
                <![CDATA[public void com.herokuapp.theinternet.loginpagetests.NegativeLogInTests.negativeLogInTest(java.util.Map)]]>
              </value>
            </param>
            <param index="1">
              <value>
                <![CDATA[firefox]]>
              </value>
            </param>
            <param index="2">
              <value>
                <![CDATA[org.testng.TestRunner@3a82f6ef]]>
              </value>
            </param>
          </params>
          <reporter-output>
          </reporter-output>
        </test-method> <!-- setUp -->
        <test-method status="PASS" signature="negativeLogInTest(java.util.Map)[pri:1, instance:com.herokuapp.theinternet.loginpagetests.NegativeLogInTests@2d6e8792]" name="negativeLogInTest" duration-ms="4121" started-at="2022-05-13T14:26:13Z" data-provider="csvReader" finished-at="2022-05-13T14:26:17Z">
          <params>
            <param index="0">
              <value>
                <![CDATA[{no=1, description=incorrect username, password=SuperSecretPassword!, expectedMessage=Your username is invalid!, username=incorrectUsername}]]>
              </value>
            </param>
          </params>
          <reporter-output>
          </reporter-output>
        </test-method> <!-- negativeLogInTest -->
        <test-method status="PASS" signature="tearDown()[pri:0, instance:com.herokuapp.theinternet.loginpagetests.NegativeLogInTests@2d6e8792]" name="tearDown" is-config="true" duration-ms="943" started-at="2022-05-13T14:26:17Z" finished-at="2022-05-13T14:26:18Z">
          <reporter-output>
          </reporter-output>
        </test-method> <!-- tearDown -->
        <test-method status="PASS" signature="setUp(java.lang.reflect.Method, java.lang.String, org.testng.ITestContext)[pri:0, instance:com.herokuapp.theinternet.loginpagetests.NegativeLogInTests@2d6e8792]" name="setUp" is-config="true" duration-ms="5890" started-at="2022-05-13T14:26:18Z" finished-at="2022-05-13T14:26:24Z">
          <params>
            <param index="0">
              <value>
                <![CDATA[public void com.herokuapp.theinternet.loginpagetests.NegativeLogInTests.negativeLogInTest(java.util.Map)]]>
              </value>
            </param>
            <param index="1">
              <value>
                <![CDATA[firefox]]>
              </value>
            </param>
            <param index="2">
              <value>
                <![CDATA[org.testng.TestRunner@3a82f6ef]]>
              </value>
            </param>
          </params>
          <reporter-output>
          </reporter-output>
        </test-method> <!-- setUp -->
        <test-method status="PASS" signature="negativeLogInTest(java.util.Map)[pri:1, instance:com.herokuapp.theinternet.loginpagetests.NegativeLogInTests@2d6e8792]" name="negativeLogInTest" duration-ms="3529" started-at="2022-05-13T14:26:24Z" data-provider="csvReader" finished-at="2022-05-13T14:26:27Z">
          <params>
            <param index="0">
              <value>
                <![CDATA[{no=2, description=incorrect password, password=incorrectPassword, expectedMessage=Your password is invalid!, username=tomsmith}]]>
              </value>
            </param>
          </params>
          <reporter-output>
          </reporter-output>
        </test-method> <!-- negativeLogInTest -->
        <test-method status="PASS" signature="tearDown()[pri:0, instance:com.herokuapp.theinternet.loginpagetests.NegativeLogInTests@2d6e8792]" name="tearDown" is-config="true" duration-ms="867" started-at="2022-05-13T14:26:27Z" finished-at="2022-05-13T14:26:28Z">
          <reporter-output>
          </reporter-output>
        </test-method> <!-- tearDown -->
        <test-method status="PASS" signature="setUp(java.lang.reflect.Method, java.lang.String, org.testng.ITestContext)[pri:0, instance:com.herokuapp.theinternet.loginpagetests.NegativeLogInTests@2d6e8792]" name="setUp" is-config="true" duration-ms="6307" started-at="2022-05-13T14:26:28Z" finished-at="2022-05-13T14:26:35Z">
          <params>
            <param index="0">
              <value>
                <![CDATA[public void com.herokuapp.theinternet.loginpagetests.NegativeLogInTests.negativeLogInTest(java.util.Map)]]>
              </value>
            </param>
            <param index="1">
              <value>
                <![CDATA[firefox]]>
              </value>
            </param>
            <param index="2">
              <value>
                <![CDATA[org.testng.TestRunner@3a82f6ef]]>
              </value>
            </param>
          </params>
          <reporter-output>
          </reporter-output>
        </test-method> <!-- setUp -->
        <test-method status="PASS" signature="negativeLogInTest(java.util.Map)[pri:1, instance:com.herokuapp.theinternet.loginpagetests.NegativeLogInTests@2d6e8792]" name="negativeLogInTest" duration-ms="3579" started-at="2022-05-13T14:26:35Z" data-provider="csvReader" finished-at="2022-05-13T14:26:38Z">
          <params>
            <param index="0">
              <value>
                <![CDATA[{no=3, description=incorrect username and password, password=incorrectPassword, expectedMessage=Your username is invalid!, username=incorrectUsername}]]>
              </value>
            </param>
          </params>
          <reporter-output>
          </reporter-output>
        </test-method> <!-- negativeLogInTest -->
        <test-method status="PASS" signature="tearDown()[pri:0, instance:com.herokuapp.theinternet.loginpagetests.NegativeLogInTests@2d6e8792]" name="tearDown" is-config="true" duration-ms="862" started-at="2022-05-13T14:26:38Z" finished-at="2022-05-13T14:26:39Z">
          <reporter-output>
          </reporter-output>
        </test-method> <!-- tearDown -->
        <test-method status="PASS" signature="setUp(java.lang.reflect.Method, java.lang.String, org.testng.ITestContext)[pri:0, instance:com.herokuapp.theinternet.loginpagetests.NegativeLogInTests@2d6e8792]" name="setUp" is-config="true" duration-ms="6114" started-at="2022-05-13T14:26:39Z" finished-at="2022-05-13T14:26:45Z">
          <params>
            <param index="0">
              <value>
                <![CDATA[public void com.herokuapp.theinternet.loginpagetests.NegativeLogInTests.negativeLogInTest(java.util.Map)]]>
              </value>
            </param>
            <param index="1">
              <value>
                <![CDATA[firefox]]>
              </value>
            </param>
            <param index="2">
              <value>
                <![CDATA[org.testng.TestRunner@3a82f6ef]]>
              </value>
            </param>
          </params>
          <reporter-output>
          </reporter-output>
        </test-method> <!-- setUp -->
        <test-method status="PASS" signature="negativeLogInTest(java.util.Map)[pri:1, instance:com.herokuapp.theinternet.loginpagetests.NegativeLogInTests@2d6e8792]" name="negativeLogInTest" duration-ms="5817" started-at="2022-05-13T14:26:45Z" data-provider="csvReader" finished-at="2022-05-13T14:26:51Z">
          <params>
            <param index="0">
              <value>
                <![CDATA[{no=4, description=empty username, password=SuperSecretPassword!, expectedMessage=Your username is invalid!, username=}]]>
              </value>
            </param>
          </params>
          <reporter-output>
          </reporter-output>
        </test-method> <!-- negativeLogInTest -->
        <test-method status="PASS" signature="tearDown()[pri:0, instance:com.herokuapp.theinternet.loginpagetests.NegativeLogInTests@2d6e8792]" name="tearDown" is-config="true" duration-ms="821" started-at="2022-05-13T14:26:51Z" finished-at="2022-05-13T14:26:52Z">
          <reporter-output>
          </reporter-output>
        </test-method> <!-- tearDown -->
        <test-method status="PASS" signature="setUp(java.lang.reflect.Method, java.lang.String, org.testng.ITestContext)[pri:0, instance:com.herokuapp.theinternet.loginpagetests.NegativeLogInTests@2d6e8792]" name="setUp" is-config="true" duration-ms="6690" started-at="2022-05-13T14:26:52Z" finished-at="2022-05-13T14:26:58Z">
          <params>
            <param index="0">
              <value>
                <![CDATA[public void com.herokuapp.theinternet.loginpagetests.NegativeLogInTests.negativeLogInTest(java.util.Map)]]>
              </value>
            </param>
            <param index="1">
              <value>
                <![CDATA[firefox]]>
              </value>
            </param>
            <param index="2">
              <value>
                <![CDATA[org.testng.TestRunner@3a82f6ef]]>
              </value>
            </param>
          </params>
          <reporter-output>
          </reporter-output>
        </test-method> <!-- setUp -->
        <test-method status="PASS" signature="negativeLogInTest(java.util.Map)[pri:1, instance:com.herokuapp.theinternet.loginpagetests.NegativeLogInTests@2d6e8792]" name="negativeLogInTest" duration-ms="3478" started-at="2022-05-13T14:26:58Z" data-provider="csvReader" finished-at="2022-05-13T14:27:02Z">
          <params>
            <param index="0">
              <value>
                <![CDATA[{no=5, description=empty password, password=, expectedMessage=Your password is invalid!, username=tomsmith}]]>
              </value>
            </param>
          </params>
          <reporter-output>
          </reporter-output>
        </test-method> <!-- negativeLogInTest -->
        <test-method status="PASS" signature="tearDown()[pri:0, instance:com.herokuapp.theinternet.loginpagetests.NegativeLogInTests@2d6e8792]" name="tearDown" is-config="true" duration-ms="1031" started-at="2022-05-13T14:27:02Z" finished-at="2022-05-13T14:27:03Z">
          <reporter-output>
          </reporter-output>
        </test-method> <!-- tearDown -->
      </class> <!-- com.herokuapp.theinternet.loginpagetests.NegativeLogInTests -->
    </test> <!-- NegativePasswordTest-FF -->
    <test name="DragAndDropTests-FF" duration-ms="11338" started-at="2022-05-13T14:27:00Z" finished-at="2022-05-13T14:27:11Z">
      <class name="com.herokuapp.theinternet.draganddroptests.DragAndDropTests">
        <test-method status="PASS" signature="setUp(java.lang.reflect.Method, java.lang.String, org.testng.ITestContext)[pri:0, instance:com.herokuapp.theinternet.draganddroptests.DragAndDropTests@77b52d12]" name="setUp" is-config="true" duration-ms="6675" started-at="2022-05-13T14:27:00Z" finished-at="2022-05-13T14:27:06Z">
          <params>
            <param index="0">
              <value>
                <![CDATA[public void com.herokuapp.theinternet.draganddroptests.DragAndDropTests.dragAToBTest()]]>
              </value>
            </param>
            <param index="1">
              <value>
                <![CDATA[firefox]]>
              </value>
            </param>
            <param index="2">
              <value>
                <![CDATA[org.testng.TestRunner@51081592]]>
              </value>
            </param>
          </params>
          <reporter-output>
          </reporter-output>
        </test-method> <!-- setUp -->
        <test-method status="PASS" signature="dragAToBTest()[pri:0, instance:com.herokuapp.theinternet.draganddroptests.DragAndDropTests@77b52d12]" name="dragAToBTest" duration-ms="3921" started-at="2022-05-13T14:27:06Z" finished-at="2022-05-13T14:27:10Z">
          <reporter-output>
          </reporter-output>
        </test-method> <!-- dragAToBTest -->
        <test-method status="PASS" signature="tearDown()[pri:0, instance:com.herokuapp.theinternet.draganddroptests.DragAndDropTests@77b52d12]" name="tearDown" is-config="true" duration-ms="742" started-at="2022-05-13T14:27:10Z" finished-at="2022-05-13T14:27:11Z">
          <reporter-output>
          </reporter-output>
        </test-method> <!-- tearDown -->
      </class> <!-- com.herokuapp.theinternet.draganddroptests.DragAndDropTests -->
    </test> <!-- DragAndDropTests-FF -->
    <test name="UploadTests" duration-ms="23643" started-at="2022-05-13T14:26:49Z" finished-at="2022-05-13T14:27:13Z">
      <class name="com.herokuapp.theinternet.uploadtests.UploadTests">
        <test-method status="PASS" signature="setUp(java.lang.reflect.Method, java.lang.String, org.testng.ITestContext)[pri:0, instance:com.herokuapp.theinternet.uploadtests.UploadTests@1324409e]" name="setUp" is-config="true" duration-ms="4304" started-at="2022-05-13T14:26:49Z" finished-at="2022-05-13T14:26:53Z">
          <params>
            <param index="0">
              <value>
                <![CDATA[public void com.herokuapp.theinternet.uploadtests.UploadTests.fileUploadTest(int,java.lang.String)]]>
              </value>
            </param>
            <param index="1">
              <value>
                <![CDATA[chrome]]>
              </value>
            </param>
            <param index="2">
              <value>
                <![CDATA[org.testng.TestRunner@5034c75a]]>
              </value>
            </param>
          </params>
          <reporter-output>
          </reporter-output>
        </test-method> <!-- setUp -->
        <test-method status="PASS" signature="fileUploadTest(int, java.lang.String)[pri:0, instance:com.herokuapp.theinternet.uploadtests.UploadTests@1324409e]" name="fileUploadTest" duration-ms="2274" started-at="2022-05-13T14:26:53Z" data-provider="files" finished-at="2022-05-13T14:26:56Z">
          <params>
            <param index="0">
              <value>
                <![CDATA[1]]>
              </value>
            </param>
            <param index="1">
              <value>
                <![CDATA[index.html]]>
              </value>
            </param>
          </params>
          <reporter-output>
          </reporter-output>
        </test-method> <!-- fileUploadTest -->
        <test-method status="PASS" signature="tearDown()[pri:0, instance:com.herokuapp.theinternet.uploadtests.UploadTests@1324409e]" name="tearDown" is-config="true" duration-ms="678" started-at="2022-05-13T14:26:56Z" finished-at="2022-05-13T14:26:56Z">
          <reporter-output>
          </reporter-output>
        </test-method> <!-- tearDown -->
        <test-method status="PASS" signature="setUp(java.lang.reflect.Method, java.lang.String, org.testng.ITestContext)[pri:0, instance:com.herokuapp.theinternet.uploadtests.UploadTests@1324409e]" name="setUp" is-config="true" duration-ms="4291" started-at="2022-05-13T14:26:56Z" finished-at="2022-05-13T14:27:01Z">
          <params>
            <param index="0">
              <value>
                <![CDATA[public void com.herokuapp.theinternet.uploadtests.UploadTests.fileUploadTest(int,java.lang.String)]]>
              </value>
            </param>
            <param index="1">
              <value>
                <![CDATA[chrome]]>
              </value>
            </param>
            <param index="2">
              <value>
                <![CDATA[org.testng.TestRunner@5034c75a]]>
              </value>
            </param>
          </params>
          <reporter-output>
          </reporter-output>
        </test-method> <!-- setUp -->
        <test-method status="PASS" signature="fileUploadTest(int, java.lang.String)[pri:0, instance:com.herokuapp.theinternet.uploadtests.UploadTests@1324409e]" name="fileUploadTest" duration-ms="4346" started-at="2022-05-13T14:27:01Z" data-provider="files" finished-at="2022-05-13T14:27:05Z">
          <params>
            <param index="0">
              <value>
                <![CDATA[2]]>
              </value>
            </param>
            <param index="1">
              <value>
                <![CDATA[logo.png]]>
              </value>
            </param>
          </params>
          <reporter-output>
          </reporter-output>
        </test-method> <!-- fileUploadTest -->
        <test-method status="PASS" signature="tearDown()[pri:0, instance:com.herokuapp.theinternet.uploadtests.UploadTests@1324409e]" name="tearDown" is-config="true" duration-ms="672" started-at="2022-05-13T14:27:05Z" finished-at="2022-05-13T14:27:06Z">
          <reporter-output>
          </reporter-output>
        </test-method> <!-- tearDown -->
        <test-method status="PASS" signature="setUp(java.lang.reflect.Method, java.lang.String, org.testng.ITestContext)[pri:0, instance:com.herokuapp.theinternet.uploadtests.UploadTests@1324409e]" name="setUp" is-config="true" duration-ms="4304" started-at="2022-05-13T14:27:06Z" finished-at="2022-05-13T14:27:10Z">
          <params>
            <param index="0">
              <value>
                <![CDATA[public void com.herokuapp.theinternet.uploadtests.UploadTests.fileUploadTest(int,java.lang.String)]]>
              </value>
            </param>
            <param index="1">
              <value>
                <![CDATA[chrome]]>
              </value>
            </param>
            <param index="2">
              <value>
                <![CDATA[org.testng.TestRunner@5034c75a]]>
              </value>
            </param>
          </params>
          <reporter-output>
          </reporter-output>
        </test-method> <!-- setUp -->
        <test-method status="PASS" signature="fileUploadTest(int, java.lang.String)[pri:0, instance:com.herokuapp.theinternet.uploadtests.UploadTests@1324409e]" name="fileUploadTest" duration-ms="2059" started-at="2022-05-13T14:27:10Z" data-provider="files" finished-at="2022-05-13T14:27:12Z">
          <params>
            <param index="0">
              <value>
                <![CDATA[3]]>
              </value>
            </param>
            <param index="1">
              <value>
                <![CDATA[text.txt]]>
              </value>
            </param>
          </params>
          <reporter-output>
          </reporter-output>
        </test-method> <!-- fileUploadTest -->
        <test-method status="PASS" signature="tearDown()[pri:0, instance:com.herokuapp.theinternet.uploadtests.UploadTests@1324409e]" name="tearDown" is-config="true" duration-ms="713" started-at="2022-05-13T14:27:12Z" finished-at="2022-05-13T14:27:13Z">
          <reporter-output>
          </reporter-output>
        </test-method> <!-- tearDown -->
      </class> <!-- com.herokuapp.theinternet.uploadtests.UploadTests -->
    </test> <!-- UploadTests -->
  </suite> <!-- FullUITestSuite -->
</testng-results>
